<?xml version="1.0" encoding="UTF-8"?>
<!-- Generated by org.testng.reporters.JUnitXMLReporter -->
<testsuite ignored="0" hostname="LIN24003364" failures="1" tests="15" name="Test" time="0.346" errors="0" timestamp="2023-08-25T16:57:56 IST">
  <testcase classname="com.testng.PriorityTest" name="log" time="0.022"/>
  <testcase classname="com.testng.PriorityTest" name="log" time="0.022"/>
  <testcase classname="com.testng.PriorityTest" name="log" time="0.004"/>
  <testcase classname="com.testng.PriorityTest" name="log" time="0.005"/>
  <testcase classname="com.testng.PriorityTest" name="log" time="0.005"/>
  <testcase classname="com.testng.PriorityTest" name="log" time="0.005"/>
  <testcase classname="com.testng.PriorityTest" name="log" time="0.004"/>
  <testcase classname="com.testng.PriorityTest" name="log" time="0.004"/>
  <testcase classname="com.testng.PriorityTest" name="addtocart" time="0.003"/>
  <testcase classname="com.testng.PriorityTest" name="checkout" time="0.003"/>
  <testcase classname="com.testng.PriorityTest" name="search" time="0.049">
    <skipped/>
  </testcase> <!-- search -->
  <testcase classname="com.testng.PriorityTest" name="search" time="0.003">
    <skipped/>
  </testcase> <!-- search -->
  <testcase classname="com.testng.PriorityTest" name="search" time="0.003">
    <skipped/>
  </testcase> <!-- search -->
  <testcase classname="com.testng.PriorityTest" name="search" time="0.003">
    <skipped/>
  </testcase> <!-- search -->
  <testcase classname="com.testng.PriorityTest" name="search" time="0.002">
    <failure type="java.lang.AssertionError" message="expected [true] but found [false]">
      <![CDATA[java.lang.AssertionError: expected [true] but found [false]
at com.testng.PriorityTest.search(PriorityTest.java:16)
at java.base/java.util.ArrayList.forEach(ArrayList.java:1511)
... Removed 34 stack frames]]>
    </failure>
  </testcase> <!-- search -->
</testsuite> <!-- Test -->
